<?xml version="1.0" encoding="UTF-8"?>
<testsuite xmlns:xsi="http://www.w3.org/2001/XMLSchema-instance" xsi:noNamespaceSchemaLocation="https://maven.apache.org/surefire/maven-surefire-plugin/xsd/surefire-test-report-3.0.xsd" version="3.0" name="com.automaticparking.AutomaticParkingApplicationTests" time="8.049" tests="1" errors="0" skipped="0" failures="0">
  <properties>
[...]
</properties>
  <testcase name="contextLoads" classname="com.automaticparking.AutomaticParkingApplicationTests" time="0.65">
    <system-out><![CDATA[10:50:27.137 [main] INFO org.springframework.test.context.support.AnnotationConfigContextLoaderUtils -- Could not detect default configuration classes for test class [com.automaticparking.AutomaticParkingApplicationTests]: AutomaticParkingApplicationTests does not declare any static, non-private, non-final, nested classes annotated with @Configuration.
10:50:27.301 [main] INFO org.springframework.boot.test.context.SpringBootTestContextBootstrapper -- Found @SpringBootConfiguration com.automaticparking.AutomaticParkingApplication for test class com.automaticparking.AutomaticParkingApplicationTests

  .   ____          _            __ _ _
 /\\ / ___'_ __ _ _(_)_ __  __ _ \ \ \ \
( ( )\___ | '_ | '_| | '_ \/ _` | \ \ \ \
 \\/  ___)| |_)| | | | | || (_| |  ) ) ) )
  '  |____| .__|_| |_|_| |_\__, | / / / /
 =========|_|==============|___/=/_/_/_/
 :: Spring Boot ::                (v3.2.4)

2024-07-30T10:50:27.860+07:00  WARN 19128 --- [automatic-parking] [           main] ory$DuplicateJsonObjectContextCustomizer : 

Found multiple occurrences of org.json.JSONObject on the class path:

	jar:file:/C:/Users/chien/.m2/repository/com/vaadin/external/google/android-json/0.0.20131108.vaadin1/android-json-0.0.20131108.vaadin1.jar!/org/json/JSONObject.class
	jar:file:/C:/Users/chien/.m2/repository/org/json/json/20231013/json-20231013.jar!/org/json/JSONObject.class

You may wish to exclude one of them to ensure predictable runtime behavior

2024-07-30T10:50:27.886+07:00  INFO 19128 --- [automatic-parking] [           main] c.a.AutomaticParkingApplicationTests     : Starting AutomaticParkingApplicationTests using Java 17.0.8 with PID 19128 (started by chien in E:\code\SPRING\automatic-parking)
2024-07-30T10:50:27.887+07:00  INFO 19128 --- [automatic-parking] [           main] c.a.AutomaticParkingApplicationTests     : No active profile set, falling back to 1 default profile: "default"
2024-07-30T10:50:28.784+07:00  INFO 19128 --- [automatic-parking] [           main] .s.d.r.c.RepositoryConfigurationDelegate : Bootstrapping Spring Data JPA repositories in DEFAULT mode.
2024-07-30T10:50:28.877+07:00  INFO 19128 --- [automatic-parking] [           main] .s.d.r.c.RepositoryConfigurationDelegate : Finished Spring Data repository scanning in 81 ms. Found 6 JPA repository interfaces.
2024-07-30T10:50:29.525+07:00  INFO 19128 --- [automatic-parking] [           main] o.hibernate.jpa.internal.util.LogHelper  : HHH000204: Processing PersistenceUnitInfo [name: default]
2024-07-30T10:50:29.608+07:00  INFO 19128 --- [automatic-parking] [           main] org.hibernate.Version                    : HHH000412: Hibernate ORM core version 6.2.6.Final
2024-07-30T10:50:29.612+07:00  INFO 19128 --- [automatic-parking] [           main] org.hibernate.cfg.Environment            : HHH000406: Using bytecode reflection optimizer
2024-07-30T10:50:29.910+07:00  INFO 19128 --- [automatic-parking] [           main] o.h.b.i.BytecodeProviderInitiator        : HHH000021: Bytecode provider name : bytebuddy
2024-07-30T10:50:30.072+07:00  INFO 19128 --- [automatic-parking] [           main] o.s.o.j.p.SpringPersistenceUnitInfo      : No LoadTimeWeaver setup: ignoring JPA class transformer
2024-07-30T10:50:30.087+07:00  INFO 19128 --- [automatic-parking] [           main] com.zaxxer.hikari.HikariDataSource       : HikariPool-1 - Starting...
2024-07-30T10:50:30.274+07:00  INFO 19128 --- [automatic-parking] [           main] com.zaxxer.hikari.pool.HikariPool        : HikariPool-1 - Added connection com.mysql.cj.jdbc.ConnectionImpl@7d6c4079
2024-07-30T10:50:30.276+07:00  INFO 19128 --- [automatic-parking] [           main] com.zaxxer.hikari.HikariDataSource       : HikariPool-1 - Start completed.
2024-07-30T10:50:30.323+07:00  WARN 19128 --- [automatic-parking] [           main] org.hibernate.dialect.Dialect            : HHH000511: The 5.5.0 version for [org.hibernate.dialect.MySQLDialect] is no longer supported, hence certain features may not work properly. The minimum supported version is 5.7.0. Check the community dialects project for available legacy versions.
2024-07-30T10:50:30.562+07:00  INFO 19128 --- [automatic-parking] [           main] o.h.b.i.BytecodeProviderInitiator        : HHH000021: Bytecode provider name : bytebuddy
2024-07-30T10:50:31.321+07:00  INFO 19128 --- [automatic-parking] [           main] o.h.e.t.j.p.i.JtaPlatformInitiator       : HHH000490: Using JtaPlatform implementation: [org.hibernate.engine.transaction.jta.platform.internal.NoJtaPlatform]
2024-07-30T10:50:31.325+07:00  INFO 19128 --- [automatic-parking] [           main] j.LocalContainerEntityManagerFactoryBean : Initialized JPA EntityManagerFactory for persistence unit 'default'
Thread OK
Config cache ok
Cloudinary OK
2024-07-30T10:50:32.046+07:00  INFO 19128 --- [automatic-parking] [           main] o.s.d.j.r.query.QueryEnhancerFactory     : Hibernate is in classpath; If applicable, HQL parser will be used.
Redis OK
ACTIVE: dev
2024-07-30T10:50:34.328+07:00  INFO 19128 --- [automatic-parking] [           main] c.a.AutomaticParkingApplicationTests     : Started AutomaticParkingApplicationTests in 6.783 seconds (process running for 8.279)
]]></system-out>
  </testcase>
</testsuite>